<?xml version="1.0" encoding="UTF-8"?>
<!-- Generated by org.testng.reporters.JUnitReportReporter -->
<testsuite skipped="0" hostname="LAPTOP-MI6MRKUI" name="com.jfbuilds.craigslist.For23andMe" tests="1" failures="0" timestamp="22 May 2017 22:03:19 GMT" time="28.944" errors="0">
  <testcase name="test23andme" time="28.944" classname="com.jfbuilds.craigslist.For23andMe"/>
</testsuite> <!-- com.jfbuilds.craigslist.For23andMe -->
