<?xml version="1.0" encoding="UTF-8"?>
<!-- Generated by org.testng.reporters.JUnitReportReporter -->
<testsuite skipped="0" hostname="LAPTOP-MI6MRKUI" name="com.jfbuilds.craigslist.CraigslistTest" tests="1" failures="0" timestamp="19 May 2017 07:50:23 GMT" time="3.869" errors="0">
  <testcase name="testCL" time="3.869" classname="com.jfbuilds.craigslist.CraigslistTest"/>
</testsuite> <!-- com.jfbuilds.craigslist.CraigslistTest -->
